2018-04-25 10:07:50,598 INFO[org.springframework.test.context.support.DefaultTestContextBootstrapper:260] - Loaded default TestExecutionListener class names from location [META-INF/spring.factories]: [org.springframework.test.context.web.ServletTestExecutionListener, org.springframework.test.context.support.DirtiesContextBeforeModesTestExecutionListener, org.springframework.test.context.support.DependencyInjectionTestExecutionListener, org.springframework.test.context.support.DirtiesContextTestExecutionListener, org.springframework.test.context.transaction.TransactionalTestExecutionListener, org.springframework.test.context.jdbc.SqlScriptsTestExecutionListener]
2018-04-25 10:07:50,665 INFO[org.springframework.test.context.support.DefaultTestContextBootstrapper:187] - Using TestExecutionListeners: [org.springframework.test.context.web.ServletTestExecutionListener@4566e5bd, org.springframework.test.context.support.DirtiesContextBeforeModesTestExecutionListener@1ed4004b, org.springframework.test.context.support.DependencyInjectionTestExecutionListener@ff5b51f, org.springframework.test.context.support.DirtiesContextTestExecutionListener@25bbe1b6, org.springframework.test.context.transaction.TransactionalTestExecutionListener@5702b3b1, org.springframework.test.context.jdbc.SqlScriptsTestExecutionListener@69ea3742]
2018-04-25 10:07:50,786 INFO[org.springframework.beans.factory.xml.XmlBeanDefinitionReader:317] - Loading XML bean definitions from class path resource [application.xml]
2018-04-25 10:07:50,994 INFO[org.springframework.beans.factory.xml.XmlBeanDefinitionReader:317] - Loading XML bean definitions from class path resource [spring-config.xml]
2018-04-25 10:07:51,044 INFO[org.springframework.beans.factory.xml.XmlBeanDefinitionReader:317] - Loading XML bean definitions from class path resource [spring-redis.xml]
2018-04-25 10:07:51,134 INFO[org.springframework.beans.factory.xml.XmlBeanDefinitionReader:317] - Loading XML bean definitions from class path resource [spring-mongo.xml]
2018-04-25 10:07:51,230 INFO[org.springframework.beans.factory.xml.XmlBeanDefinitionReader:317] - Loading XML bean definitions from class path resource [spring-mybatis.xml]
2018-04-25 10:07:51,278 INFO[org.springframework.context.support.GenericApplicationContext:581] - Refreshing org.springframework.context.support.GenericApplicationContext@22a67b4: startup date [Wed Apr 25 10:07:51 CST 2018]; root of context hierarchy
2018-04-25 10:07:51,489 INFO[org.springframework.context.support.PropertySourcesPlaceholderConfigurer:172] - Loading properties file from class path resource [db.properties]
2018-04-25 10:07:51,494 INFO[org.springframework.context.support.PropertySourcesPlaceholderConfigurer:172] - Loading properties file from class path resource [redis.properties]
2018-04-25 10:07:51,504 INFO[org.springframework.beans.factory.annotation.AutowiredAnnotationBeanPostProcessor:155] - JSR-330 'javax.inject.Inject' annotation found and supported for autowiring
2018-04-25 10:07:51,918 INFO[com.alibaba.druid.pool.DruidDataSource:686] - {dataSource-1} inited
2018-04-25 10:07:51,949 INFO[com.alibaba.druid.pool.DruidDataSource:686] - {dataSource-2} inited
2018-04-25 10:07:53,628 INFO[org.springframework.context.support.GenericApplicationContext:982] - Closing org.springframework.context.support.GenericApplicationContext@22a67b4: startup date [Wed Apr 25 10:07:51 CST 2018]; root of context hierarchy
2018-04-25 10:07:53,634 INFO[com.alibaba.druid.pool.DruidDataSource:1401] - {dataSource-2} closed
2018-04-25 10:07:53,635 INFO[com.alibaba.druid.pool.DruidDataSource:1401] - {dataSource-1} closed
2018-04-25 11:11:59,465 INFO[org.springframework.test.context.support.DefaultTestContextBootstrapper:260] - Loaded default TestExecutionListener class names from location [META-INF/spring.factories]: [org.springframework.test.context.web.ServletTestExecutionListener, org.springframework.test.context.support.DirtiesContextBeforeModesTestExecutionListener, org.springframework.test.context.support.DependencyInjectionTestExecutionListener, org.springframework.test.context.support.DirtiesContextTestExecutionListener, org.springframework.test.context.transaction.TransactionalTestExecutionListener, org.springframework.test.context.jdbc.SqlScriptsTestExecutionListener]
2018-04-25 11:11:59,479 INFO[org.springframework.test.context.support.DefaultTestContextBootstrapper:187] - Using TestExecutionListeners: [org.springframework.test.context.web.ServletTestExecutionListener@4566e5bd, org.springframework.test.context.support.DirtiesContextBeforeModesTestExecutionListener@1ed4004b, org.springframework.test.context.support.DependencyInjectionTestExecutionListener@ff5b51f, org.springframework.test.context.support.DirtiesContextTestExecutionListener@25bbe1b6, org.springframework.test.context.transaction.TransactionalTestExecutionListener@5702b3b1, org.springframework.test.context.jdbc.SqlScriptsTestExecutionListener@69ea3742]
2018-04-25 11:11:59,576 INFO[org.springframework.beans.factory.xml.XmlBeanDefinitionReader:317] - Loading XML bean definitions from class path resource [application.xml]
2018-04-25 11:11:59,675 INFO[org.springframework.beans.factory.xml.XmlBeanDefinitionReader:317] - Loading XML bean definitions from class path resource [spring-config.xml]
2018-04-25 11:11:59,722 INFO[org.springframework.beans.factory.xml.XmlBeanDefinitionReader:317] - Loading XML bean definitions from class path resource [spring-redis.xml]
2018-04-25 11:11:59,796 INFO[org.springframework.beans.factory.xml.XmlBeanDefinitionReader:317] - Loading XML bean definitions from class path resource [spring-mongo.xml]
2018-04-25 11:11:59,861 INFO[org.springframework.beans.factory.xml.XmlBeanDefinitionReader:317] - Loading XML bean definitions from class path resource [spring-mybatis.xml]
2018-04-25 11:11:59,936 INFO[org.springframework.context.support.GenericApplicationContext:581] - Refreshing org.springframework.context.support.GenericApplicationContext@22a67b4: startup date [Wed Apr 25 11:11:59 CST 2018]; root of context hierarchy
2018-04-25 11:12:00,172 INFO[org.springframework.context.support.PropertySourcesPlaceholderConfigurer:172] - Loading properties file from class path resource [db.properties]
2018-04-25 11:12:00,179 INFO[org.springframework.context.support.PropertySourcesPlaceholderConfigurer:172] - Loading properties file from class path resource [redis.properties]
2018-04-25 11:12:00,192 INFO[org.springframework.beans.factory.annotation.AutowiredAnnotationBeanPostProcessor:155] - JSR-330 'javax.inject.Inject' annotation found and supported for autowiring
2018-04-25 11:12:00,636 INFO[com.alibaba.druid.pool.DruidDataSource:686] - {dataSource-1} inited
2018-04-25 11:12:00,669 INFO[com.alibaba.druid.pool.DruidDataSource:686] - {dataSource-2} inited
2018-04-25 11:12:01,762 INFO[org.springframework.context.support.GenericApplicationContext:982] - Closing org.springframework.context.support.GenericApplicationContext@22a67b4: startup date [Wed Apr 25 11:11:59 CST 2018]; root of context hierarchy
2018-04-25 11:12:01,766 INFO[com.alibaba.druid.pool.DruidDataSource:1401] - {dataSource-2} closed
2018-04-25 11:12:01,767 INFO[com.alibaba.druid.pool.DruidDataSource:1401] - {dataSource-1} closed
2018-04-25 12:37:34,999 INFO[org.springframework.test.context.support.DefaultTestContextBootstrapper:260] - Loaded default TestExecutionListener class names from location [META-INF/spring.factories]: [org.springframework.test.context.web.ServletTestExecutionListener, org.springframework.test.context.support.DirtiesContextBeforeModesTestExecutionListener, org.springframework.test.context.support.DependencyInjectionTestExecutionListener, org.springframework.test.context.support.DirtiesContextTestExecutionListener, org.springframework.test.context.transaction.TransactionalTestExecutionListener, org.springframework.test.context.jdbc.SqlScriptsTestExecutionListener]
2018-04-25 12:37:35,013 INFO[org.springframework.test.context.support.DefaultTestContextBootstrapper:187] - Using TestExecutionListeners: [org.springframework.test.context.web.ServletTestExecutionListener@56ef9176, org.springframework.test.context.support.DirtiesContextBeforeModesTestExecutionListener@4566e5bd, org.springframework.test.context.support.DependencyInjectionTestExecutionListener@1ed4004b, org.springframework.test.context.support.DirtiesContextTestExecutionListener@ff5b51f, org.springframework.test.context.transaction.TransactionalTestExecutionListener@25bbe1b6, org.springframework.test.context.jdbc.SqlScriptsTestExecutionListener@5702b3b1]
2018-04-25 12:37:35,100 INFO[org.springframework.beans.factory.xml.XmlBeanDefinitionReader:317] - Loading XML bean definitions from class path resource [application.xml]
2018-04-25 12:37:35,191 INFO[org.springframework.beans.factory.xml.XmlBeanDefinitionReader:317] - Loading XML bean definitions from class path resource [spring-config.xml]
2018-04-25 12:37:35,241 INFO[org.springframework.beans.factory.xml.XmlBeanDefinitionReader:317] - Loading XML bean definitions from class path resource [spring-redis.xml]
2018-04-25 12:37:35,310 INFO[org.springframework.beans.factory.xml.XmlBeanDefinitionReader:317] - Loading XML bean definitions from class path resource [spring-mongo.xml]
2018-04-25 12:37:35,358 INFO[org.springframework.beans.factory.xml.XmlBeanDefinitionReader:317] - Loading XML bean definitions from class path resource [spring-mybatis.xml]
2018-04-25 12:37:35,413 INFO[org.springframework.context.support.GenericApplicationContext:581] - Refreshing org.springframework.context.support.GenericApplicationContext@79be0360: startup date [Wed Apr 25 12:37:35 CST 2018]; root of context hierarchy
2018-04-25 12:37:35,639 INFO[org.springframework.context.support.PropertySourcesPlaceholderConfigurer:172] - Loading properties file from class path resource [db.properties]
2018-04-25 12:37:35,644 INFO[org.springframework.context.support.PropertySourcesPlaceholderConfigurer:172] - Loading properties file from class path resource [redis.properties]
2018-04-25 12:37:35,668 INFO[org.springframework.beans.factory.annotation.AutowiredAnnotationBeanPostProcessor:155] - JSR-330 'javax.inject.Inject' annotation found and supported for autowiring
2018-04-25 12:37:36,155 INFO[com.alibaba.druid.pool.DruidDataSource:686] - {dataSource-1} inited
2018-04-25 12:37:36,211 INFO[com.alibaba.druid.pool.DruidDataSource:686] - {dataSource-2} inited
2018-04-25 12:37:37,985 INFO[org.springframework.context.support.GenericApplicationContext:982] - Closing org.springframework.context.support.GenericApplicationContext@79be0360: startup date [Wed Apr 25 12:37:35 CST 2018]; root of context hierarchy
2018-04-25 12:37:37,989 INFO[com.alibaba.druid.pool.DruidDataSource:1401] - {dataSource-2} closed
2018-04-25 12:37:37,990 INFO[com.alibaba.druid.pool.DruidDataSource:1401] - {dataSource-1} closed
2018-04-25 12:56:48,761 INFO[org.springframework.test.context.support.DefaultTestContextBootstrapper:260] - Loaded default TestExecutionListener class names from location [META-INF/spring.factories]: [org.springframework.test.context.web.ServletTestExecutionListener, org.springframework.test.context.support.DirtiesContextBeforeModesTestExecutionListener, org.springframework.test.context.support.DependencyInjectionTestExecutionListener, org.springframework.test.context.support.DirtiesContextTestExecutionListener, org.springframework.test.context.transaction.TransactionalTestExecutionListener, org.springframework.test.context.jdbc.SqlScriptsTestExecutionListener]
2018-04-25 12:56:48,776 INFO[org.springframework.test.context.support.DefaultTestContextBootstrapper:187] - Using TestExecutionListeners: [org.springframework.test.context.web.ServletTestExecutionListener@56ef9176, org.springframework.test.context.support.DirtiesContextBeforeModesTestExecutionListener@4566e5bd, org.springframework.test.context.support.DependencyInjectionTestExecutionListener@1ed4004b, org.springframework.test.context.support.DirtiesContextTestExecutionListener@ff5b51f, org.springframework.test.context.transaction.TransactionalTestExecutionListener@25bbe1b6, org.springframework.test.context.jdbc.SqlScriptsTestExecutionListener@5702b3b1]
2018-04-25 12:56:48,865 INFO[org.springframework.beans.factory.xml.XmlBeanDefinitionReader:317] - Loading XML bean definitions from class path resource [application.xml]
2018-04-25 12:56:48,960 INFO[org.springframework.beans.factory.xml.XmlBeanDefinitionReader:317] - Loading XML bean definitions from class path resource [spring-config.xml]
2018-04-25 12:56:49,008 INFO[org.springframework.beans.factory.xml.XmlBeanDefinitionReader:317] - Loading XML bean definitions from class path resource [spring-redis.xml]
2018-04-25 12:56:49,094 INFO[org.springframework.beans.factory.xml.XmlBeanDefinitionReader:317] - Loading XML bean definitions from class path resource [spring-mongo.xml]
2018-04-25 12:56:49,129 INFO[org.springframework.beans.factory.xml.XmlBeanDefinitionReader:317] - Loading XML bean definitions from class path resource [spring-mybatis.xml]
2018-04-25 12:56:49,197 INFO[org.springframework.context.support.GenericApplicationContext:581] - Refreshing org.springframework.context.support.GenericApplicationContext@79be0360: startup date [Wed Apr 25 12:56:49 CST 2018]; root of context hierarchy
2018-04-25 12:56:49,402 INFO[org.springframework.context.support.PropertySourcesPlaceholderConfigurer:172] - Loading properties file from class path resource [db.properties]
2018-04-25 12:56:49,428 INFO[org.springframework.context.support.PropertySourcesPlaceholderConfigurer:172] - Loading properties file from class path resource [redis.properties]
2018-04-25 12:56:49,443 INFO[org.springframework.beans.factory.annotation.AutowiredAnnotationBeanPostProcessor:155] - JSR-330 'javax.inject.Inject' annotation found and supported for autowiring
2018-04-25 12:56:49,834 INFO[com.alibaba.druid.pool.DruidDataSource:686] - {dataSource-1} inited
2018-04-25 12:56:49,863 INFO[com.alibaba.druid.pool.DruidDataSource:686] - {dataSource-2} inited
2018-04-25 12:56:50,664 INFO[org.springframework.context.support.GenericApplicationContext:982] - Closing org.springframework.context.support.GenericApplicationContext@79be0360: startup date [Wed Apr 25 12:56:49 CST 2018]; root of context hierarchy
2018-04-25 12:56:50,669 INFO[com.alibaba.druid.pool.DruidDataSource:1401] - {dataSource-2} closed
2018-04-25 12:56:50,669 INFO[com.alibaba.druid.pool.DruidDataSource:1401] - {dataSource-1} closed
2018-04-25 14:11:34,011 INFO[org.springframework.test.context.support.DefaultTestContextBootstrapper:260] - Loaded default TestExecutionListener class names from location [META-INF/spring.factories]: [org.springframework.test.context.web.ServletTestExecutionListener, org.springframework.test.context.support.DirtiesContextBeforeModesTestExecutionListener, org.springframework.test.context.support.DependencyInjectionTestExecutionListener, org.springframework.test.context.support.DirtiesContextTestExecutionListener, org.springframework.test.context.transaction.TransactionalTestExecutionListener, org.springframework.test.context.jdbc.SqlScriptsTestExecutionListener]
2018-04-25 14:11:34,026 INFO[org.springframework.test.context.support.DefaultTestContextBootstrapper:187] - Using TestExecutionListeners: [org.springframework.test.context.web.ServletTestExecutionListener@6adede5, org.springframework.test.context.support.DirtiesContextBeforeModesTestExecutionListener@2d928643, org.springframework.test.context.support.DependencyInjectionTestExecutionListener@5025a98f, org.springframework.test.context.support.DirtiesContextTestExecutionListener@49993335, org.springframework.test.context.transaction.TransactionalTestExecutionListener@20322d26, org.springframework.test.context.jdbc.SqlScriptsTestExecutionListener@192b07fd]
2018-04-25 14:11:34,135 INFO[org.springframework.beans.factory.xml.XmlBeanDefinitionReader:317] - Loading XML bean definitions from class path resource [application.xml]
2018-04-25 14:11:34,230 INFO[org.springframework.beans.factory.xml.XmlBeanDefinitionReader:317] - Loading XML bean definitions from class path resource [spring-config.xml]
2018-04-25 14:11:34,283 INFO[org.springframework.beans.factory.xml.XmlBeanDefinitionReader:317] - Loading XML bean definitions from class path resource [spring-redis.xml]
2018-04-25 14:11:34,369 INFO[org.springframework.beans.factory.xml.XmlBeanDefinitionReader:317] - Loading XML bean definitions from class path resource [spring-mongo.xml]
2018-04-25 14:11:34,498 INFO[org.springframework.beans.factory.xml.XmlBeanDefinitionReader:317] - Loading XML bean definitions from class path resource [spring-mybatis.xml]
2018-04-25 14:11:34,570 INFO[org.springframework.context.support.GenericApplicationContext:581] - Refreshing org.springframework.context.support.GenericApplicationContext@4bbfb90a: startup date [Wed Apr 25 14:11:34 CST 2018]; root of context hierarchy
2018-04-25 14:11:34,847 INFO[org.springframework.context.support.PropertySourcesPlaceholderConfigurer:172] - Loading properties file from class path resource [db.properties]
2018-04-25 14:11:34,853 INFO[org.springframework.context.support.PropertySourcesPlaceholderConfigurer:172] - Loading properties file from class path resource [redis.properties]
2018-04-25 14:11:34,885 INFO[org.springframework.beans.factory.annotation.AutowiredAnnotationBeanPostProcessor:155] - JSR-330 'javax.inject.Inject' annotation found and supported for autowiring
2018-04-25 14:11:35,791 INFO[com.alibaba.druid.pool.DruidDataSource:686] - {dataSource-1} inited
2018-04-25 14:11:35,864 INFO[com.alibaba.druid.pool.DruidDataSource:686] - {dataSource-2} inited
2018-04-25 14:11:37,019 WARN[org.springframework.data.mongodb.core.mapping.BasicMongoPersistentProperty:85] - Customizing field name for id property not allowed! Custom name will not be considered!
2018-04-25 14:11:37,121 INFO[org.springframework.context.support.GenericApplicationContext:982] - Closing org.springframework.context.support.GenericApplicationContext@4bbfb90a: startup date [Wed Apr 25 14:11:34 CST 2018]; root of context hierarchy
2018-04-25 14:11:37,130 INFO[com.alibaba.druid.pool.DruidDataSource:1401] - {dataSource-2} closed
2018-04-25 14:11:37,131 INFO[com.alibaba.druid.pool.DruidDataSource:1401] - {dataSource-1} closed
2018-04-25 14:16:21,636 INFO[org.springframework.test.context.support.DefaultTestContextBootstrapper:260] - Loaded default TestExecutionListener class names from location [META-INF/spring.factories]: [org.springframework.test.context.web.ServletTestExecutionListener, org.springframework.test.context.support.DirtiesContextBeforeModesTestExecutionListener, org.springframework.test.context.support.DependencyInjectionTestExecutionListener, org.springframework.test.context.support.DirtiesContextTestExecutionListener, org.springframework.test.context.transaction.TransactionalTestExecutionListener, org.springframework.test.context.jdbc.SqlScriptsTestExecutionListener]
2018-04-25 14:16:21,652 INFO[org.springframework.test.context.support.DefaultTestContextBootstrapper:187] - Using TestExecutionListeners: [org.springframework.test.context.web.ServletTestExecutionListener@56ef9176, org.springframework.test.context.support.DirtiesContextBeforeModesTestExecutionListener@4566e5bd, org.springframework.test.context.support.DependencyInjectionTestExecutionListener@1ed4004b, org.springframework.test.context.support.DirtiesContextTestExecutionListener@ff5b51f, org.springframework.test.context.transaction.TransactionalTestExecutionListener@25bbe1b6, org.springframework.test.context.jdbc.SqlScriptsTestExecutionListener@5702b3b1]
2018-04-25 14:16:21,740 INFO[org.springframework.beans.factory.xml.XmlBeanDefinitionReader:317] - Loading XML bean definitions from class path resource [application.xml]
2018-04-25 14:16:21,836 INFO[org.springframework.beans.factory.xml.XmlBeanDefinitionReader:317] - Loading XML bean definitions from class path resource [spring-config.xml]
2018-04-25 14:16:21,882 INFO[org.springframework.beans.factory.xml.XmlBeanDefinitionReader:317] - Loading XML bean definitions from class path resource [spring-redis.xml]
2018-04-25 14:16:21,950 INFO[org.springframework.beans.factory.xml.XmlBeanDefinitionReader:317] - Loading XML bean definitions from class path resource [spring-mongo.xml]
2018-04-25 14:16:22,027 INFO[org.springframework.beans.factory.xml.XmlBeanDefinitionReader:317] - Loading XML bean definitions from class path resource [spring-mybatis.xml]
2018-04-25 14:16:22,121 INFO[org.springframework.context.support.GenericApplicationContext:581] - Refreshing org.springframework.context.support.GenericApplicationContext@79be0360: startup date [Wed Apr 25 14:16:22 CST 2018]; root of context hierarchy
2018-04-25 14:16:22,264 INFO[org.springframework.context.support.PropertySourcesPlaceholderConfigurer:172] - Loading properties file from class path resource [db.properties]
2018-04-25 14:16:22,270 INFO[org.springframework.context.support.PropertySourcesPlaceholderConfigurer:172] - Loading properties file from class path resource [redis.properties]
2018-04-25 14:16:22,285 INFO[org.springframework.beans.factory.annotation.AutowiredAnnotationBeanPostProcessor:155] - JSR-330 'javax.inject.Inject' annotation found and supported for autowiring
2018-04-25 14:16:22,878 INFO[com.alibaba.druid.pool.DruidDataSource:686] - {dataSource-1} inited
2018-04-25 14:16:22,913 INFO[com.alibaba.druid.pool.DruidDataSource:686] - {dataSource-2} inited
2018-04-25 14:16:24,233 INFO[org.springframework.context.support.GenericApplicationContext:982] - Closing org.springframework.context.support.GenericApplicationContext@79be0360: startup date [Wed Apr 25 14:16:22 CST 2018]; root of context hierarchy
2018-04-25 14:16:24,245 INFO[com.alibaba.druid.pool.DruidDataSource:1401] - {dataSource-2} closed
2018-04-25 14:16:24,245 INFO[com.alibaba.druid.pool.DruidDataSource:1401] - {dataSource-1} closed
2018-04-25 14:16:36,984 INFO[org.springframework.test.context.support.DefaultTestContextBootstrapper:260] - Loaded default TestExecutionListener class names from location [META-INF/spring.factories]: [org.springframework.test.context.web.ServletTestExecutionListener, org.springframework.test.context.support.DirtiesContextBeforeModesTestExecutionListener, org.springframework.test.context.support.DependencyInjectionTestExecutionListener, org.springframework.test.context.support.DirtiesContextTestExecutionListener, org.springframework.test.context.transaction.TransactionalTestExecutionListener, org.springframework.test.context.jdbc.SqlScriptsTestExecutionListener]
2018-04-25 14:16:37,014 INFO[org.springframework.test.context.support.DefaultTestContextBootstrapper:187] - Using TestExecutionListeners: [org.springframework.test.context.web.ServletTestExecutionListener@56ef9176, org.springframework.test.context.support.DirtiesContextBeforeModesTestExecutionListener@4566e5bd, org.springframework.test.context.support.DependencyInjectionTestExecutionListener@1ed4004b, org.springframework.test.context.support.DirtiesContextTestExecutionListener@ff5b51f, org.springframework.test.context.transaction.TransactionalTestExecutionListener@25bbe1b6, org.springframework.test.context.jdbc.SqlScriptsTestExecutionListener@5702b3b1]
2018-04-25 14:16:37,274 INFO[org.springframework.beans.factory.xml.XmlBeanDefinitionReader:317] - Loading XML bean definitions from class path resource [application.xml]
2018-04-25 14:16:37,494 INFO[org.springframework.beans.factory.xml.XmlBeanDefinitionReader:317] - Loading XML bean definitions from class path resource [spring-config.xml]
2018-04-25 14:16:37,606 INFO[org.springframework.beans.factory.xml.XmlBeanDefinitionReader:317] - Loading XML bean definitions from class path resource [spring-redis.xml]
2018-04-25 14:16:37,835 INFO[org.springframework.beans.factory.xml.XmlBeanDefinitionReader:317] - Loading XML bean definitions from class path resource [spring-mongo.xml]
2018-04-25 14:16:37,916 INFO[org.springframework.beans.factory.xml.XmlBeanDefinitionReader:317] - Loading XML bean definitions from class path resource [spring-mybatis.xml]
2018-04-25 14:16:38,003 INFO[org.springframework.context.support.GenericApplicationContext:581] - Refreshing org.springframework.context.support.GenericApplicationContext@79be0360: startup date [Wed Apr 25 14:16:38 CST 2018]; root of context hierarchy
2018-04-25 14:16:38,355 INFO[org.springframework.context.support.PropertySourcesPlaceholderConfigurer:172] - Loading properties file from class path resource [db.properties]
2018-04-25 14:16:38,361 INFO[org.springframework.context.support.PropertySourcesPlaceholderConfigurer:172] - Loading properties file from class path resource [redis.properties]
2018-04-25 14:16:38,424 INFO[org.springframework.beans.factory.annotation.AutowiredAnnotationBeanPostProcessor:155] - JSR-330 'javax.inject.Inject' annotation found and supported for autowiring
2018-04-25 14:16:39,113 INFO[com.alibaba.druid.pool.DruidDataSource:686] - {dataSource-1} inited
2018-04-25 14:16:39,173 INFO[com.alibaba.druid.pool.DruidDataSource:686] - {dataSource-2} inited
2018-04-25 14:16:40,047 INFO[org.springframework.context.support.GenericApplicationContext:982] - Closing org.springframework.context.support.GenericApplicationContext@79be0360: startup date [Wed Apr 25 14:16:38 CST 2018]; root of context hierarchy
2018-04-25 14:16:40,061 INFO[com.alibaba.druid.pool.DruidDataSource:1401] - {dataSource-2} closed
2018-04-25 14:16:40,062 INFO[com.alibaba.druid.pool.DruidDataSource:1401] - {dataSource-1} closed
2018-04-25 14:17:22,062 INFO[org.springframework.test.context.support.DefaultTestContextBootstrapper:260] - Loaded default TestExecutionListener class names from location [META-INF/spring.factories]: [org.springframework.test.context.web.ServletTestExecutionListener, org.springframework.test.context.support.DirtiesContextBeforeModesTestExecutionListener, org.springframework.test.context.support.DependencyInjectionTestExecutionListener, org.springframework.test.context.support.DirtiesContextTestExecutionListener, org.springframework.test.context.transaction.TransactionalTestExecutionListener, org.springframework.test.context.jdbc.SqlScriptsTestExecutionListener]
2018-04-25 14:17:22,081 INFO[org.springframework.test.context.support.DefaultTestContextBootstrapper:187] - Using TestExecutionListeners: [org.springframework.test.context.web.ServletTestExecutionListener@56ef9176, org.springframework.test.context.support.DirtiesContextBeforeModesTestExecutionListener@4566e5bd, org.springframework.test.context.support.DependencyInjectionTestExecutionListener@1ed4004b, org.springframework.test.context.support.DirtiesContextTestExecutionListener@ff5b51f, org.springframework.test.context.transaction.TransactionalTestExecutionListener@25bbe1b6, org.springframework.test.context.jdbc.SqlScriptsTestExecutionListener@5702b3b1]
2018-04-25 14:17:22,200 INFO[org.springframework.beans.factory.xml.XmlBeanDefinitionReader:317] - Loading XML bean definitions from class path resource [application.xml]
2018-04-25 14:17:22,312 INFO[org.springframework.beans.factory.xml.XmlBeanDefinitionReader:317] - Loading XML bean definitions from class path resource [spring-config.xml]
2018-04-25 14:17:22,365 INFO[org.springframework.beans.factory.xml.XmlBeanDefinitionReader:317] - Loading XML bean definitions from class path resource [spring-redis.xml]
2018-04-25 14:17:22,465 INFO[org.springframework.beans.factory.xml.XmlBeanDefinitionReader:317] - Loading XML bean definitions from class path resource [spring-mongo.xml]
2018-04-25 14:17:22,505 INFO[org.springframework.beans.factory.xml.XmlBeanDefinitionReader:317] - Loading XML bean definitions from class path resource [spring-mybatis.xml]
2018-04-25 14:17:22,571 INFO[org.springframework.context.support.GenericApplicationContext:581] - Refreshing org.springframework.context.support.GenericApplicationContext@79be0360: startup date [Wed Apr 25 14:17:22 CST 2018]; root of context hierarchy
2018-04-25 14:17:22,851 INFO[org.springframework.context.support.PropertySourcesPlaceholderConfigurer:172] - Loading properties file from class path resource [db.properties]
2018-04-25 14:17:22,858 INFO[org.springframework.context.support.PropertySourcesPlaceholderConfigurer:172] - Loading properties file from class path resource [redis.properties]
2018-04-25 14:17:22,867 INFO[org.springframework.beans.factory.annotation.AutowiredAnnotationBeanPostProcessor:155] - JSR-330 'javax.inject.Inject' annotation found and supported for autowiring
2018-04-25 14:17:23,199 INFO[com.alibaba.druid.pool.DruidDataSource:686] - {dataSource-1} inited
2018-04-25 14:17:23,224 INFO[com.alibaba.druid.pool.DruidDataSource:686] - {dataSource-2} inited
2018-04-25 14:17:24,257 INFO[org.springframework.context.support.GenericApplicationContext:982] - Closing org.springframework.context.support.GenericApplicationContext@79be0360: startup date [Wed Apr 25 14:17:22 CST 2018]; root of context hierarchy
2018-04-25 14:17:24,318 INFO[com.alibaba.druid.pool.DruidDataSource:1401] - {dataSource-2} closed
2018-04-25 14:17:24,319 INFO[com.alibaba.druid.pool.DruidDataSource:1401] - {dataSource-1} closed
2018-04-25 14:24:10,761 INFO[org.springframework.test.context.support.DefaultTestContextBootstrapper:260] - Loaded default TestExecutionListener class names from location [META-INF/spring.factories]: [org.springframework.test.context.web.ServletTestExecutionListener, org.springframework.test.context.support.DirtiesContextBeforeModesTestExecutionListener, org.springframework.test.context.support.DependencyInjectionTestExecutionListener, org.springframework.test.context.support.DirtiesContextTestExecutionListener, org.springframework.test.context.transaction.TransactionalTestExecutionListener, org.springframework.test.context.jdbc.SqlScriptsTestExecutionListener]
2018-04-25 14:24:10,777 INFO[org.springframework.test.context.support.DefaultTestContextBootstrapper:187] - Using TestExecutionListeners: [org.springframework.test.context.web.ServletTestExecutionListener@56ef9176, org.springframework.test.context.support.DirtiesContextBeforeModesTestExecutionListener@4566e5bd, org.springframework.test.context.support.DependencyInjectionTestExecutionListener@1ed4004b, org.springframework.test.context.support.DirtiesContextTestExecutionListener@ff5b51f, org.springframework.test.context.transaction.TransactionalTestExecutionListener@25bbe1b6, org.springframework.test.context.jdbc.SqlScriptsTestExecutionListener@5702b3b1]
2018-04-25 14:24:10,878 INFO[org.springframework.beans.factory.xml.XmlBeanDefinitionReader:317] - Loading XML bean definitions from class path resource [application.xml]
2018-04-25 14:24:10,988 INFO[org.springframework.beans.factory.xml.XmlBeanDefinitionReader:317] - Loading XML bean definitions from class path resource [spring-config.xml]
2018-04-25 14:24:11,037 INFO[org.springframework.beans.factory.xml.XmlBeanDefinitionReader:317] - Loading XML bean definitions from class path resource [spring-redis.xml]
2018-04-25 14:24:11,124 INFO[org.springframework.beans.factory.xml.XmlBeanDefinitionReader:317] - Loading XML bean definitions from class path resource [spring-mongo.xml]
2018-04-25 14:24:11,163 INFO[org.springframework.beans.factory.xml.XmlBeanDefinitionReader:317] - Loading XML bean definitions from class path resource [spring-mybatis.xml]
2018-04-25 14:24:11,218 INFO[org.springframework.context.support.GenericApplicationContext:581] - Refreshing org.springframework.context.support.GenericApplicationContext@79be0360: startup date [Wed Apr 25 14:24:11 CST 2018]; root of context hierarchy
2018-04-25 14:24:11,450 INFO[org.springframework.context.support.PropertySourcesPlaceholderConfigurer:172] - Loading properties file from class path resource [db.properties]
2018-04-25 14:24:11,457 INFO[org.springframework.context.support.PropertySourcesPlaceholderConfigurer:172] - Loading properties file from class path resource [redis.properties]
2018-04-25 14:24:11,470 INFO[org.springframework.beans.factory.annotation.AutowiredAnnotationBeanPostProcessor:155] - JSR-330 'javax.inject.Inject' annotation found and supported for autowiring
2018-04-25 14:24:12,013 INFO[com.alibaba.druid.pool.DruidDataSource:686] - {dataSource-1} inited
2018-04-25 14:24:12,060 INFO[com.alibaba.druid.pool.DruidDataSource:686] - {dataSource-2} inited
2018-04-25 14:24:12,787 INFO[org.springframework.context.support.GenericApplicationContext:982] - Closing org.springframework.context.support.GenericApplicationContext@79be0360: startup date [Wed Apr 25 14:24:11 CST 2018]; root of context hierarchy
2018-04-25 14:24:12,793 INFO[com.alibaba.druid.pool.DruidDataSource:1401] - {dataSource-2} closed
2018-04-25 14:24:12,793 INFO[com.alibaba.druid.pool.DruidDataSource:1401] - {dataSource-1} closed
2018-04-25 14:24:53,828 INFO[org.springframework.test.context.support.DefaultTestContextBootstrapper:260] - Loaded default TestExecutionListener class names from location [META-INF/spring.factories]: [org.springframework.test.context.web.ServletTestExecutionListener, org.springframework.test.context.support.DirtiesContextBeforeModesTestExecutionListener, org.springframework.test.context.support.DependencyInjectionTestExecutionListener, org.springframework.test.context.support.DirtiesContextTestExecutionListener, org.springframework.test.context.transaction.TransactionalTestExecutionListener, org.springframework.test.context.jdbc.SqlScriptsTestExecutionListener]
2018-04-25 14:24:53,842 INFO[org.springframework.test.context.support.DefaultTestContextBootstrapper:187] - Using TestExecutionListeners: [org.springframework.test.context.web.ServletTestExecutionListener@56ef9176, org.springframework.test.context.support.DirtiesContextBeforeModesTestExecutionListener@4566e5bd, org.springframework.test.context.support.DependencyInjectionTestExecutionListener@1ed4004b, org.springframework.test.context.support.DirtiesContextTestExecutionListener@ff5b51f, org.springframework.test.context.transaction.TransactionalTestExecutionListener@25bbe1b6, org.springframework.test.context.jdbc.SqlScriptsTestExecutionListener@5702b3b1]
2018-04-25 14:24:53,930 INFO[org.springframework.beans.factory.xml.XmlBeanDefinitionReader:317] - Loading XML bean definitions from class path resource [application.xml]
2018-04-25 14:24:54,023 INFO[org.springframework.beans.factory.xml.XmlBeanDefinitionReader:317] - Loading XML bean definitions from class path resource [spring-config.xml]
2018-04-25 14:24:54,072 INFO[org.springframework.beans.factory.xml.XmlBeanDefinitionReader:317] - Loading XML bean definitions from class path resource [spring-redis.xml]
2018-04-25 14:24:54,151 INFO[org.springframework.beans.factory.xml.XmlBeanDefinitionReader:317] - Loading XML bean definitions from class path resource [spring-mongo.xml]
2018-04-25 14:24:54,189 INFO[org.springframework.beans.factory.xml.XmlBeanDefinitionReader:317] - Loading XML bean definitions from class path resource [spring-mybatis.xml]
2018-04-25 14:24:54,244 INFO[org.springframework.context.support.GenericApplicationContext:581] - Refreshing org.springframework.context.support.GenericApplicationContext@79be0360: startup date [Wed Apr 25 14:24:54 CST 2018]; root of context hierarchy
2018-04-25 14:24:54,516 INFO[org.springframework.context.support.PropertySourcesPlaceholderConfigurer:172] - Loading properties file from class path resource [db.properties]
2018-04-25 14:24:54,527 INFO[org.springframework.context.support.PropertySourcesPlaceholderConfigurer:172] - Loading properties file from class path resource [redis.properties]
2018-04-25 14:24:54,537 INFO[org.springframework.beans.factory.annotation.AutowiredAnnotationBeanPostProcessor:155] - JSR-330 'javax.inject.Inject' annotation found and supported for autowiring
2018-04-25 14:24:55,183 INFO[com.alibaba.druid.pool.DruidDataSource:686] - {dataSource-1} inited
2018-04-25 14:24:55,290 INFO[com.alibaba.druid.pool.DruidDataSource:686] - {dataSource-2} inited
2018-04-25 14:24:56,257 INFO[org.springframework.context.support.GenericApplicationContext:982] - Closing org.springframework.context.support.GenericApplicationContext@79be0360: startup date [Wed Apr 25 14:24:54 CST 2018]; root of context hierarchy
2018-04-25 14:24:56,326 INFO[com.alibaba.druid.pool.DruidDataSource:1401] - {dataSource-2} closed
2018-04-25 14:24:56,326 INFO[com.alibaba.druid.pool.DruidDataSource:1401] - {dataSource-1} closed
2018-04-25 14:25:46,133 INFO[org.springframework.test.context.support.DefaultTestContextBootstrapper:260] - Loaded default TestExecutionListener class names from location [META-INF/spring.factories]: [org.springframework.test.context.web.ServletTestExecutionListener, org.springframework.test.context.support.DirtiesContextBeforeModesTestExecutionListener, org.springframework.test.context.support.DependencyInjectionTestExecutionListener, org.springframework.test.context.support.DirtiesContextTestExecutionListener, org.springframework.test.context.transaction.TransactionalTestExecutionListener, org.springframework.test.context.jdbc.SqlScriptsTestExecutionListener]
2018-04-25 14:25:46,149 INFO[org.springframework.test.context.support.DefaultTestContextBootstrapper:187] - Using TestExecutionListeners: [org.springframework.test.context.web.ServletTestExecutionListener@56ef9176, org.springframework.test.context.support.DirtiesContextBeforeModesTestExecutionListener@4566e5bd, org.springframework.test.context.support.DependencyInjectionTestExecutionListener@1ed4004b, org.springframework.test.context.support.DirtiesContextTestExecutionListener@ff5b51f, org.springframework.test.context.transaction.TransactionalTestExecutionListener@25bbe1b6, org.springframework.test.context.jdbc.SqlScriptsTestExecutionListener@5702b3b1]
2018-04-25 14:25:46,240 INFO[org.springframework.beans.factory.xml.XmlBeanDefinitionReader:317] - Loading XML bean definitions from class path resource [application.xml]
2018-04-25 14:25:46,337 INFO[org.springframework.beans.factory.xml.XmlBeanDefinitionReader:317] - Loading XML bean definitions from class path resource [spring-config.xml]
2018-04-25 14:25:46,392 INFO[org.springframework.beans.factory.xml.XmlBeanDefinitionReader:317] - Loading XML bean definitions from class path resource [spring-redis.xml]
2018-04-25 14:25:46,493 INFO[org.springframework.beans.factory.xml.XmlBeanDefinitionReader:317] - Loading XML bean definitions from class path resource [spring-mongo.xml]
2018-04-25 14:25:46,546 INFO[org.springframework.beans.factory.xml.XmlBeanDefinitionReader:317] - Loading XML bean definitions from class path resource [spring-mybatis.xml]
2018-04-25 14:25:46,605 INFO[org.springframework.context.support.GenericApplicationContext:581] - Refreshing org.springframework.context.support.GenericApplicationContext@79be0360: startup date [Wed Apr 25 14:25:46 CST 2018]; root of context hierarchy
2018-04-25 14:25:46,897 INFO[org.springframework.context.support.PropertySourcesPlaceholderConfigurer:172] - Loading properties file from class path resource [db.properties]
2018-04-25 14:25:46,902 INFO[org.springframework.context.support.PropertySourcesPlaceholderConfigurer:172] - Loading properties file from class path resource [redis.properties]
2018-04-25 14:25:46,920 INFO[org.springframework.beans.factory.annotation.AutowiredAnnotationBeanPostProcessor:155] - JSR-330 'javax.inject.Inject' annotation found and supported for autowiring
2018-04-25 14:25:47,363 INFO[com.alibaba.druid.pool.DruidDataSource:686] - {dataSource-1} inited
2018-04-25 14:25:47,402 INFO[com.alibaba.druid.pool.DruidDataSource:686] - {dataSource-2} inited
2018-04-25 14:25:48,521 INFO[org.springframework.context.support.GenericApplicationContext:982] - Closing org.springframework.context.support.GenericApplicationContext@79be0360: startup date [Wed Apr 25 14:25:46 CST 2018]; root of context hierarchy
2018-04-25 14:25:48,540 INFO[com.alibaba.druid.pool.DruidDataSource:1401] - {dataSource-2} closed
2018-04-25 14:25:48,541 INFO[com.alibaba.druid.pool.DruidDataSource:1401] - {dataSource-1} closed
2018-04-25 14:26:43,736 INFO[org.springframework.test.context.support.DefaultTestContextBootstrapper:260] - Loaded default TestExecutionListener class names from location [META-INF/spring.factories]: [org.springframework.test.context.web.ServletTestExecutionListener, org.springframework.test.context.support.DirtiesContextBeforeModesTestExecutionListener, org.springframework.test.context.support.DependencyInjectionTestExecutionListener, org.springframework.test.context.support.DirtiesContextTestExecutionListener, org.springframework.test.context.transaction.TransactionalTestExecutionListener, org.springframework.test.context.jdbc.SqlScriptsTestExecutionListener]
2018-04-25 14:26:43,751 INFO[org.springframework.test.context.support.DefaultTestContextBootstrapper:187] - Using TestExecutionListeners: [org.springframework.test.context.web.ServletTestExecutionListener@56ef9176, org.springframework.test.context.support.DirtiesContextBeforeModesTestExecutionListener@4566e5bd, org.springframework.test.context.support.DependencyInjectionTestExecutionListener@1ed4004b, org.springframework.test.context.support.DirtiesContextTestExecutionListener@ff5b51f, org.springframework.test.context.transaction.TransactionalTestExecutionListener@25bbe1b6, org.springframework.test.context.jdbc.SqlScriptsTestExecutionListener@5702b3b1]
2018-04-25 14:26:43,840 INFO[org.springframework.beans.factory.xml.XmlBeanDefinitionReader:317] - Loading XML bean definitions from class path resource [application.xml]
2018-04-25 14:26:43,941 INFO[org.springframework.beans.factory.xml.XmlBeanDefinitionReader:317] - Loading XML bean definitions from class path resource [spring-config.xml]
2018-04-25 14:26:43,990 INFO[org.springframework.beans.factory.xml.XmlBeanDefinitionReader:317] - Loading XML bean definitions from class path resource [spring-redis.xml]
2018-04-25 14:26:44,089 INFO[org.springframework.beans.factory.xml.XmlBeanDefinitionReader:317] - Loading XML bean definitions from class path resource [spring-mongo.xml]
2018-04-25 14:26:44,129 INFO[org.springframework.beans.factory.xml.XmlBeanDefinitionReader:317] - Loading XML bean definitions from class path resource [spring-mybatis.xml]
2018-04-25 14:26:44,196 INFO[org.springframework.context.support.GenericApplicationContext:581] - Refreshing org.springframework.context.support.GenericApplicationContext@79be0360: startup date [Wed Apr 25 14:26:44 CST 2018]; root of context hierarchy
2018-04-25 14:26:44,481 INFO[org.springframework.context.support.PropertySourcesPlaceholderConfigurer:172] - Loading properties file from class path resource [db.properties]
2018-04-25 14:26:44,490 INFO[org.springframework.context.support.PropertySourcesPlaceholderConfigurer:172] - Loading properties file from class path resource [redis.properties]
2018-04-25 14:26:44,519 INFO[org.springframework.beans.factory.annotation.AutowiredAnnotationBeanPostProcessor:155] - JSR-330 'javax.inject.Inject' annotation found and supported for autowiring
2018-04-25 14:26:44,903 INFO[com.alibaba.druid.pool.DruidDataSource:686] - {dataSource-1} inited
2018-04-25 14:26:44,929 INFO[com.alibaba.druid.pool.DruidDataSource:686] - {dataSource-2} inited
2018-04-25 14:26:45,686 INFO[org.springframework.context.support.GenericApplicationContext:982] - Closing org.springframework.context.support.GenericApplicationContext@79be0360: startup date [Wed Apr 25 14:26:44 CST 2018]; root of context hierarchy
2018-04-25 14:26:45,691 INFO[com.alibaba.druid.pool.DruidDataSource:1401] - {dataSource-2} closed
2018-04-25 14:26:45,692 INFO[com.alibaba.druid.pool.DruidDataSource:1401] - {dataSource-1} closed
2018-04-25 14:42:12,037 INFO[org.springframework.test.context.support.DefaultTestContextBootstrapper:260] - Loaded default TestExecutionListener class names from location [META-INF/spring.factories]: [org.springframework.test.context.web.ServletTestExecutionListener, org.springframework.test.context.support.DirtiesContextBeforeModesTestExecutionListener, org.springframework.test.context.support.DependencyInjectionTestExecutionListener, org.springframework.test.context.support.DirtiesContextTestExecutionListener, org.springframework.test.context.transaction.TransactionalTestExecutionListener, org.springframework.test.context.jdbc.SqlScriptsTestExecutionListener]
2018-04-25 14:42:12,053 INFO[org.springframework.test.context.support.DefaultTestContextBootstrapper:187] - Using TestExecutionListeners: [org.springframework.test.context.web.ServletTestExecutionListener@56ef9176, org.springframework.test.context.support.DirtiesContextBeforeModesTestExecutionListener@4566e5bd, org.springframework.test.context.support.DependencyInjectionTestExecutionListener@1ed4004b, org.springframework.test.context.support.DirtiesContextTestExecutionListener@ff5b51f, org.springframework.test.context.transaction.TransactionalTestExecutionListener@25bbe1b6, org.springframework.test.context.jdbc.SqlScriptsTestExecutionListener@5702b3b1]
2018-04-25 14:42:12,148 INFO[org.springframework.beans.factory.xml.XmlBeanDefinitionReader:317] - Loading XML bean definitions from class path resource [application.xml]
2018-04-25 14:42:12,236 INFO[org.springframework.beans.factory.xml.XmlBeanDefinitionReader:317] - Loading XML bean definitions from class path resource [spring-config.xml]
2018-04-25 14:42:12,310 INFO[org.springframework.beans.factory.xml.XmlBeanDefinitionReader:317] - Loading XML bean definitions from class path resource [spring-redis.xml]
2018-04-25 14:42:12,433 INFO[org.springframework.beans.factory.xml.XmlBeanDefinitionReader:317] - Loading XML bean definitions from class path resource [spring-mongo.xml]
2018-04-25 14:42:12,543 INFO[org.springframework.beans.factory.xml.XmlBeanDefinitionReader:317] - Loading XML bean definitions from class path resource [spring-mybatis.xml]
2018-04-25 14:42:12,602 INFO[org.springframework.context.support.GenericApplicationContext:581] - Refreshing org.springframework.context.support.GenericApplicationContext@79be0360: startup date [Wed Apr 25 14:42:12 CST 2018]; root of context hierarchy
2018-04-25 14:42:12,839 INFO[org.springframework.context.support.PropertySourcesPlaceholderConfigurer:172] - Loading properties file from class path resource [db.properties]
2018-04-25 14:42:12,867 INFO[org.springframework.context.support.PropertySourcesPlaceholderConfigurer:172] - Loading properties file from class path resource [redis.properties]
2018-04-25 14:42:12,894 INFO[org.springframework.beans.factory.annotation.AutowiredAnnotationBeanPostProcessor:155] - JSR-330 'javax.inject.Inject' annotation found and supported for autowiring
2018-04-25 14:42:13,759 INFO[com.alibaba.druid.pool.DruidDataSource:686] - {dataSource-1} inited
2018-04-25 14:42:13,837 INFO[com.alibaba.druid.pool.DruidDataSource:686] - {dataSource-2} inited
2018-04-25 14:42:14,887 INFO[org.springframework.context.support.GenericApplicationContext:982] - Closing org.springframework.context.support.GenericApplicationContext@79be0360: startup date [Wed Apr 25 14:42:12 CST 2018]; root of context hierarchy
2018-04-25 14:42:14,892 INFO[com.alibaba.druid.pool.DruidDataSource:1401] - {dataSource-2} closed
2018-04-25 14:42:14,893 INFO[com.alibaba.druid.pool.DruidDataSource:1401] - {dataSource-1} closed
2018-04-25 14:45:08,262 INFO[org.springframework.test.context.support.DefaultTestContextBootstrapper:260] - Loaded default TestExecutionListener class names from location [META-INF/spring.factories]: [org.springframework.test.context.web.ServletTestExecutionListener, org.springframework.test.context.support.DirtiesContextBeforeModesTestExecutionListener, org.springframework.test.context.support.DependencyInjectionTestExecutionListener, org.springframework.test.context.support.DirtiesContextTestExecutionListener, org.springframework.test.context.transaction.TransactionalTestExecutionListener, org.springframework.test.context.jdbc.SqlScriptsTestExecutionListener]
2018-04-25 14:45:08,278 INFO[org.springframework.test.context.support.DefaultTestContextBootstrapper:187] - Using TestExecutionListeners: [org.springframework.test.context.web.ServletTestExecutionListener@56ef9176, org.springframework.test.context.support.DirtiesContextBeforeModesTestExecutionListener@4566e5bd, org.springframework.test.context.support.DependencyInjectionTestExecutionListener@1ed4004b, org.springframework.test.context.support.DirtiesContextTestExecutionListener@ff5b51f, org.springframework.test.context.transaction.TransactionalTestExecutionListener@25bbe1b6, org.springframework.test.context.jdbc.SqlScriptsTestExecutionListener@5702b3b1]
2018-04-25 14:45:08,366 INFO[org.springframework.beans.factory.xml.XmlBeanDefinitionReader:317] - Loading XML bean definitions from class path resource [application.xml]
2018-04-25 14:45:08,450 INFO[org.springframework.beans.factory.xml.XmlBeanDefinitionReader:317] - Loading XML bean definitions from class path resource [spring-config.xml]
2018-04-25 14:45:08,498 INFO[org.springframework.beans.factory.xml.XmlBeanDefinitionReader:317] - Loading XML bean definitions from class path resource [spring-redis.xml]
2018-04-25 14:45:08,571 INFO[org.springframework.beans.factory.xml.XmlBeanDefinitionReader:317] - Loading XML bean definitions from class path resource [spring-mongo.xml]
2018-04-25 14:45:08,642 INFO[org.springframework.beans.factory.xml.XmlBeanDefinitionReader:317] - Loading XML bean definitions from class path resource [spring-mybatis.xml]
2018-04-25 14:45:08,760 INFO[org.springframework.context.support.GenericApplicationContext:581] - Refreshing org.springframework.context.support.GenericApplicationContext@79be0360: startup date [Wed Apr 25 14:45:08 CST 2018]; root of context hierarchy
2018-04-25 14:45:09,107 INFO[org.springframework.context.support.PropertySourcesPlaceholderConfigurer:172] - Loading properties file from class path resource [db.properties]
2018-04-25 14:45:09,114 INFO[org.springframework.context.support.PropertySourcesPlaceholderConfigurer:172] - Loading properties file from class path resource [redis.properties]
2018-04-25 14:45:09,125 INFO[org.springframework.beans.factory.annotation.AutowiredAnnotationBeanPostProcessor:155] - JSR-330 'javax.inject.Inject' annotation found and supported for autowiring
2018-04-25 14:45:09,899 INFO[com.alibaba.druid.pool.DruidDataSource:686] - {dataSource-1} inited
2018-04-25 14:45:09,981 INFO[com.alibaba.druid.pool.DruidDataSource:686] - {dataSource-2} inited
2018-04-25 14:45:11,185 INFO[org.springframework.context.support.GenericApplicationContext:982] - Closing org.springframework.context.support.GenericApplicationContext@79be0360: startup date [Wed Apr 25 14:45:08 CST 2018]; root of context hierarchy
2018-04-25 14:45:11,189 INFO[com.alibaba.druid.pool.DruidDataSource:1401] - {dataSource-2} closed
2018-04-25 14:45:11,189 INFO[com.alibaba.druid.pool.DruidDataSource:1401] - {dataSource-1} closed
2018-04-25 14:48:33,273 INFO[org.springframework.test.context.support.DefaultTestContextBootstrapper:260] - Loaded default TestExecutionListener class names from location [META-INF/spring.factories]: [org.springframework.test.context.web.ServletTestExecutionListener, org.springframework.test.context.support.DirtiesContextBeforeModesTestExecutionListener, org.springframework.test.context.support.DependencyInjectionTestExecutionListener, org.springframework.test.context.support.DirtiesContextTestExecutionListener, org.springframework.test.context.transaction.TransactionalTestExecutionListener, org.springframework.test.context.jdbc.SqlScriptsTestExecutionListener]
2018-04-25 14:48:33,289 INFO[org.springframework.test.context.support.DefaultTestContextBootstrapper:187] - Using TestExecutionListeners: [org.springframework.test.context.web.ServletTestExecutionListener@56ef9176, org.springframework.test.context.support.DirtiesContextBeforeModesTestExecutionListener@4566e5bd, org.springframework.test.context.support.DependencyInjectionTestExecutionListener@1ed4004b, org.springframework.test.context.support.DirtiesContextTestExecutionListener@ff5b51f, org.springframework.test.context.transaction.TransactionalTestExecutionListener@25bbe1b6, org.springframework.test.context.jdbc.SqlScriptsTestExecutionListener@5702b3b1]
2018-04-25 14:48:33,406 INFO[org.springframework.beans.factory.xml.XmlBeanDefinitionReader:317] - Loading XML bean definitions from class path resource [application.xml]
2018-04-25 14:48:33,513 INFO[org.springframework.beans.factory.xml.XmlBeanDefinitionReader:317] - Loading XML bean definitions from class path resource [spring-config.xml]
2018-04-25 14:48:33,557 INFO[org.springframework.beans.factory.xml.XmlBeanDefinitionReader:317] - Loading XML bean definitions from class path resource [spring-redis.xml]
2018-04-25 14:48:33,635 INFO[org.springframework.beans.factory.xml.XmlBeanDefinitionReader:317] - Loading XML bean definitions from class path resource [spring-mongo.xml]
2018-04-25 14:48:33,681 INFO[org.springframework.beans.factory.xml.XmlBeanDefinitionReader:317] - Loading XML bean definitions from class path resource [spring-mybatis.xml]
2018-04-25 14:48:33,739 INFO[org.springframework.context.support.GenericApplicationContext:581] - Refreshing org.springframework.context.support.GenericApplicationContext@79be0360: startup date [Wed Apr 25 14:48:33 CST 2018]; root of context hierarchy
2018-04-25 14:48:33,869 INFO[org.springframework.context.support.PropertySourcesPlaceholderConfigurer:172] - Loading properties file from class path resource [db.properties]
2018-04-25 14:48:33,874 INFO[org.springframework.context.support.PropertySourcesPlaceholderConfigurer:172] - Loading properties file from class path resource [redis.properties]
2018-04-25 14:48:33,884 INFO[org.springframework.beans.factory.annotation.AutowiredAnnotationBeanPostProcessor:155] - JSR-330 'javax.inject.Inject' annotation found and supported for autowiring
2018-04-25 14:48:34,384 INFO[com.alibaba.druid.pool.DruidDataSource:686] - {dataSource-1} inited
2018-04-25 14:48:34,435 INFO[com.alibaba.druid.pool.DruidDataSource:686] - {dataSource-2} inited
2018-04-25 14:48:35,216 INFO[org.springframework.context.support.GenericApplicationContext:982] - Closing org.springframework.context.support.GenericApplicationContext@79be0360: startup date [Wed Apr 25 14:48:33 CST 2018]; root of context hierarchy
2018-04-25 14:48:35,223 INFO[com.alibaba.druid.pool.DruidDataSource:1401] - {dataSource-2} closed
2018-04-25 14:48:35,224 INFO[com.alibaba.druid.pool.DruidDataSource:1401] - {dataSource-1} closed
